<?xml version="1.0" encoding="UTF-8"?>
<!-- Generated by org.testng.reporters.JUnitReportReporter -->
<testsuite hostname="LAPTOP-89AJ9SPD" failures="0" tests="2" name="com.comcast.ContactTest.contactTest" time="0.002" errors="0" timestamp="23 Dec 2020 05:07:02 GMT" skipped="0">
  <testcase classname="com.comcast.ContactTest.contactTest" name="createContactTest" time="0.001"/>
  <testcase classname="com.comcast.ContactTest.contactTest" name="modifyContactTest" time="0.001"/>
</testsuite> <!-- com.comcast.ContactTest.contactTest -->
