<?xml version="1.0" encoding="UTF-8"?>
<!-- Generated by org.testng.reporters.JUnitReportReporter -->
<testsuite hostname="LAPTOP-89AJ9SPD" failures="0" tests="1" name="com.qspiders.unittest.Studenttest" time="0.413" errors="0" timestamp="2020-12-29T21:56:08 IST" skipped="0">
  <testcase classname="com.qspiders.unittest.Studenttest" name="unittest" time="0.413"/>
  <system-out/>
</testsuite> <!-- com.qspiders.unittest.Studenttest -->
