<?xml version="1.0" encoding="UTF-8"?>
<!-- Generated by org.testng.reporters.JUnitReportReporter -->
<testsuite hostname="LAPTOP-89AJ9SPD" failures="0" tests="2" name="com.comcast.accountTest.contactTest" time="0.022" errors="0" timestamp="23 Dec 2020 04:02:26 GMT" skipped="0">
  <testcase classname="com.comcast.accountTest.contactTest" name="modifyContactTest" time="0.002"/>
  <testcase classname="com.comcast.accountTest.contactTest" name="createContactTest" time="0.020"/>
</testsuite> <!-- com.comcast.accountTest.contactTest -->
