<?xml version="1.0" encoding="UTF-8"?>
<!-- Generated by org.testng.reporters.JUnitReportReporter -->
<testsuite hostname="LAPTOP-89AJ9SPD" failures="0" tests="1" name="frameworkAssignment.TaskPage" time="37.328" errors="0" timestamp="2020-11-24T21:55:31 IST" skipped="0">
  <testcase classname="frameworkAssignment.TaskPage" name="taskPage" time="37.328"/>
  <system-out>
taskPage method STARTED LoginPage is Displayed Homepage is Displayed Taskpage is Displayed popuppage is Displayed Customerpage is Displayed taskPage method SUCCESS  </system-out>
</testsuite> <!-- frameworkAssignment.TaskPage -->
