<?xml version="1.0" encoding="UTF-8"?>
<!-- Generated by org.testng.reporters.JUnitReportReporter -->
<testsuite hostname="LAPTOP-89AJ9SPD" failures="0" tests="1" name="testNG.ReadDataFromXml1" time="0.012" errors="0" timestamp="2020-11-21T09:12:37 IST" skipped="0">
  <testcase classname="testNG.ReadDataFromXml1" name="readData" time="0.012"/>
  <system-out>
firefox admin  </system-out>
</testsuite> <!-- testNG.ReadDataFromXml1 -->
