<?xml version="1.0" encoding="UTF-8"?>
<!-- Generated by org.testng.reporters.JUnitReportReporter -->
<testsuite hostname="LAPTOP-89AJ9SPD" failures="0" tests="6" name="testNG.DataDrivenConceptinTestNG" time="0.031" errors="0" timestamp="2020-11-20T09:26:25 IST" skipped="0">
  <testcase classname="testNG.DataDrivenConceptinTestNG" name="getCredentials" time="0.016"/>
  <system-out>
admin1 manager1  </system-out>
  <testcase classname="testNG.DataDrivenConceptinTestNG" name="getCredentials" time="0.003"/>
  <system-out>
admin3 manager3  </system-out>
  <testcase classname="testNG.DataDrivenConceptinTestNG" name="getCredentials" time="0.003"/>
  <system-out>
admin2 manager2  </system-out>
  <testcase classname="testNG.DataDrivenConceptinTestNG" name="getCredentials" time="0.003"/>
  <system-out>
admin2 manager2 city2  </system-out>
  <testcase classname="testNG.DataDrivenConceptinTestNG" name="getCredentials" time="0.003"/>
  <system-out>
admin1 manager1 city1  </system-out>
  <testcase classname="testNG.DataDrivenConceptinTestNG" name="getCredentials" time="0.003"/>
  <system-out>
admin3 manager3 city3  </system-out>
</testsuite> <!-- testNG.DataDrivenConceptinTestNG -->
