<?xml version="1.0" encoding="UTF-8"?>
<!-- Generated by org.testng.reporters.JUnitReportReporter -->
<testsuite hostname="LAPTOP-89AJ9SPD" failures="0" tests="1" name="frameworkAssignment.ValidLoginTest" time="15.788" errors="0" timestamp="2020-12-02T12:39:37 IST" skipped="0">
  <testcase classname="frameworkAssignment.ValidLoginTest" name="loginTest" time="15.788"/>
  <system-out>
loginTest method STARTED LoginPage is Displayed LoginPage is Displayed Homepage is Displayed loginTest method SUCCESS  </system-out>
</testsuite> <!-- frameworkAssignment.ValidLoginTest -->
