<?xml version="1.0" encoding="UTF-8"?>
<!-- Generated by org.testng.reporters.JUnitReportReporter -->
<testsuite hostname="LAPTOP-89AJ9SPD" failures="0" tests="1" name="hybrid.ValidLoginTest" time="17.848" errors="0" timestamp="2020-12-02T12:51:03 IST" skipped="0">
  <testcase classname="hybrid.ValidLoginTest" name="loginTest" time="17.848"/>
  <system-out>
loginTest method STARTED LoginPage is Displayed Homepage is Displayed loginTest method SUCCESS  </system-out>
</testsuite> <!-- hybrid.ValidLoginTest -->
