<?xml version="1.0" encoding="UTF-8"?>
<!-- Generated by org.testng.reporters.JUnitReportReporter -->
<testsuite hostname="LAPTOP-89AJ9SPD" failures="0" tests="1" name="testNG.Parallel1" time="8.056" errors="0" timestamp="2020-12-02T11:15:48 IST" skipped="0">
  <testcase classname="testNG.Parallel1" name="runChrome1" time="8.056"/>
  <system-out/>
</testsuite> <!-- testNG.Parallel1 -->
