<?xml version="1.0" encoding="UTF-8"?>
<!-- Generated by org.testng.reporters.JUnitReportReporter -->
<testsuite hostname="LAPTOP-89AJ9SPD" failures="0" tests="2" name="testNG.AnnotationTestClass" time="0.011" errors="0" timestamp="2020-11-18T12:51:34 IST" skipped="0">
  <testcase classname="testNG.AnnotationTestClass" name="sun" time="0.004"/>
  <system-out>
I am sun method  </system-out>
  <testcase classname="testNG.AnnotationTestClass" name="run" time="0.007"/>
  <system-out>
I am run method  </system-out>
</testsuite> <!-- testNG.AnnotationTestClass -->
