<?xml version="1.0" encoding="UTF-8"?>
<!-- Generated by org.testng.reporters.JUnitReportReporter -->
<testsuite hostname="LAPTOP-89AJ9SPD" failures="0" tests="1" name="testNG.Sumo" time="0.003" errors="0" timestamp="2020-11-17T10:03:31 IST" skipped="0">
  <testcase classname="testNG.Sumo" name="sun" time="0.003"/>
  <system-out>
sun meth   </system-out>
</testsuite> <!-- testNG.Sumo -->
