<?xml version="1.0" encoding="UTF-8"?>
<!-- Generated by org.testng.reporters.JUnitReportReporter -->
<testsuite hostname="LAPTOP-89AJ9SPD" failures="0" tests="1" name="testNG.AnnotationTestClass2" time="0.001" errors="0" timestamp="2020-11-18T12:51:34 IST" skipped="0">
  <testcase classname="testNG.AnnotationTestClass2" name="gun" time="0.001"/>
  <system-out>
I am gun method ann2  </system-out>
</testsuite> <!-- testNG.AnnotationTestClass2 -->
