<?xml version="1.0" encoding="UTF-8"?>
<!-- Generated by org.testng.reporters.JUnitReportReporter -->
<testsuite hostname="LAPTOP-89AJ9SPD" failures="0" tests="1" name="testNG.Demo" time="0.015" errors="0" timestamp="2020-11-17T10:03:31 IST" skipped="0">
  <testcase classname="testNG.Demo" name="run" time="0.015"/>
  <system-out>
I am both report+console vala msg  </system-out>
</testsuite> <!-- testNG.Demo -->
