<?xml version="1.0" encoding="UTF-8"?>
<!-- Generated by org.testng.reporters.JUnitReportReporter -->
<testsuite hostname="LAPTOP-89AJ9SPD" failures="0" tests="9" name="testNG.GroupingExecution" time="0.036" errors="0" timestamp="2020-11-20T08:56:53 IST" skipped="0">
  <testcase classname="testNG.GroupingExecution" name="IT3" time="0.002"/>
  <system-out>
Integration Test3  </system-out>
  <testcase classname="testNG.GroupingExecution" name="ST2" time="0.002"/>
  <system-out>
System Test2  </system-out>
  <testcase classname="testNG.GroupingExecution" name="IT" time="0.003"/>
  <system-out>
Integraional Test1  </system-out>
  <testcase classname="testNG.GroupingExecution" name="FT" time="0.016"/>
  <system-out>
Functional Test1  </system-out>
  <testcase classname="testNG.GroupingExecution" name="FT2" time="0.002"/>
  <system-out>
Functional Test2  </system-out>
  <testcase classname="testNG.GroupingExecution" name="ST3" time="0.002"/>
  <system-out>
System Test3  </system-out>
  <testcase classname="testNG.GroupingExecution" name="ST" time="0.004"/>
  <system-out>
System Test1  </system-out>
  <testcase classname="testNG.GroupingExecution" name="FT3" time="0.003"/>
  <system-out>
Functional Test3  </system-out>
  <testcase classname="testNG.GroupingExecution" name="IT1" time="0.002"/>
  <system-out>
Integration Test2  </system-out>
</testsuite> <!-- testNG.GroupingExecution -->
