<?xml version="1.0" encoding="UTF-8"?>
<!-- Generated by org.testng.reporters.JUnitReportReporter -->
<testsuite hostname="LAPTOP-89AJ9SPD" failures="0" tests="1" name="testNG.Parallel2" time="18.203" errors="0" timestamp="2020-12-02T11:15:48 IST" skipped="0">
  <testcase classname="testNG.Parallel2" name="runChrome2" time="18.203"/>
  <system-out/>
</testsuite> <!-- testNG.Parallel2 -->
