<?xml version="1.0" encoding="UTF-8"?>
<!-- Generated by org.testng.reporters.JUnitReportReporter -->
<testsuite hostname="LAPTOP-89AJ9SPD" failures="0" tests="2" name="com.w2a.zoho.rough.TestCase1" time="33.080" errors="0" timestamp="2020-11-30T16:19:47 IST" skipped="0">
  <testcase classname="com.w2a.zoho.rough.TestCase1" name="doLogin" time="18.033"/>
  <system-out/>
  <testcase classname="com.w2a.zoho.rough.TestCase1" name="doLogin" time="15.047"/>
  <system-out/>
</testsuite> <!-- com.w2a.zoho.rough.TestCase1 -->
