<?xml version="1.0" encoding="UTF-8"?>
<!-- Generated by org.testng.reporters.JUnitReportReporter -->
<testsuite hostname="LAPTOP-89AJ9SPD" failures="0" tests="1" name="com.comcast.Leadtest.convertLeadToOppurtunity" time="42.161" errors="0" timestamp="26 Dec 2020 17:07:49 GMT" skipped="0">
  <testcase classname="com.comcast.Leadtest.convertLeadToOppurtunity" name="leadToOppurtunity" time="42.161"/>
</testsuite> <!-- com.comcast.Leadtest.convertLeadToOppurtunity -->
