<?xml version="1.0" encoding="UTF-8"?>
<!-- Generated by org.testng.reporters.JUnitReportReporter -->
<testsuite hostname="LAPTOP-89AJ9SPD" failures="0" tests="1" name="com.comcast.orgnaizationtest.CreateOrganixzationWithIndustryTest" time="30.382" errors="0" timestamp="26 Dec 2020 07:30:46 GMT" skipped="0">
  <testcase classname="com.comcast.orgnaizationtest.CreateOrganixzationWithIndustryTest" name="createOrgWithIndustry" time="30.382"/>
</testsuite> <!-- com.comcast.orgnaizationtest.CreateOrganixzationWithIndustryTest -->
