<?xml version="1.0" encoding="UTF-8"?>
<!-- Generated by org.testng.reporters.JUnitReportReporter -->
<testsuite hostname="LAPTOP-89AJ9SPD" failures="0" tests="1" name="com.comcast.Leadtest.convertLeadToOppurtunitytc_26" time="55.674" errors="0" timestamp="28 Dec 2020 05:59:26 GMT" skipped="0">
  <testcase classname="com.comcast.Leadtest.convertLeadToOppurtunitytc_26" name="leadToOppurtunity" time="55.674"/>
</testsuite> <!-- com.comcast.Leadtest.convertLeadToOppurtunitytc_26 -->
