<?xml version="1.0" encoding="UTF-8"?>
<!-- Generated by org.testng.reporters.JUnitReportReporter -->
<testsuite hostname="LAPTOP-89AJ9SPD" failures="0" tests="1" name="com.comcast.Leadtest.CreateLead" time="30.094" errors="0" timestamp="26 Dec 2020 17:13:51 GMT" skipped="0">
  <testcase classname="com.comcast.Leadtest.CreateLead" name="createLead" time="30.094"/>
</testsuite> <!-- com.comcast.Leadtest.CreateLead -->
