<?xml version="1.0" encoding="UTF-8"?>
<!-- Generated by org.testng.reporters.JUnitReportReporter -->
<testsuite hostname="LAPTOP-89AJ9SPD" failures="0" tests="1" name="com.comcast.Leadtest.CreateLeadtc_26" time="42.595" errors="0" timestamp="28 Dec 2020 05:59:26 GMT" skipped="0">
  <testcase classname="com.comcast.Leadtest.CreateLeadtc_26" name="createLead" time="42.595"/>
</testsuite> <!-- com.comcast.Leadtest.CreateLeadtc_26 -->
