<?xml version="1.0" encoding="UTF-8"?>
<!-- Generated by org.testng.reporters.JUnitReportReporter -->
<testsuite hostname="LAPTOP-89AJ9SPD" failures="0" tests="1" name="com.rmgyantra.api.projecttest.DeleteProject_BDD" time="2.606" errors="0" timestamp="31 Dec 2020 11:19:09 GMT">
  <testcase classname="com.rmgyantra.api.projecttest.DeleteProject_BDD" name="createProjectTest" time="2.606"/>
</testsuite> <!-- com.rmgyantra.api.projecttest.DeleteProject_BDD -->
