<?xml version="1.0" encoding="UTF-8"?>
<!-- Generated by org.testng.reporters.JUnitReportReporter -->
<testsuite hostname="LAPTOP-89AJ9SPD" failures="0" tests="1" name="com.rmgtestcases.GetProjectTest" time="2.400" errors="0" timestamp="2 Jan 2021 09:57:25 GMT">
  <testcase classname="com.rmgtestcases.GetProjectTest" name="getallProjectsTest" time="2.400"/>
</testsuite> <!-- com.rmgtestcases.GetProjectTest -->
