<?xml version="1.0" encoding="UTF-8"?>
<!-- Generated by org.testng.reporters.JUnitReportReporter -->
<testsuite hostname="LAPTOP-89AJ9SPD" failures="0" tests="1" name="com.rmgyantra.api.projecttest.ProjectTest" time="2.408" errors="0" timestamp="31 Dec 2020 10:05:46 GMT">
  <testcase classname="com.rmgyantra.api.projecttest.ProjectTest" name="getallProjectsTest" time="2.408"/>
</testsuite> <!-- com.rmgyantra.api.projecttest.ProjectTest -->
