<?xml version="1.0" encoding="UTF-8"?>
<!-- Generated by org.testng.reporters.JUnitReportReporter -->
<testsuite hostname="LAPTOP-89AJ9SPD" failures="0" tests="2" name="com.paramapi.RequestChaining" time="4.028" errors="0" timestamp="2 Jan 2021 11:34:38 GMT">
  <testcase classname="com.paramapi.RequestChaining" name="RequestChainingTest" time="3.298"/>
  <testcase classname="com.paramapi.RequestChaining" name="addProjectWithCompletedTest" time="0.730"/>
</testsuite> <!-- com.paramapi.RequestChaining -->
