<?xml version="1.0" encoding="UTF-8"?>
<!-- Generated by org.testng.reporters.JUnitReportReporter -->
<testsuite hostname="LAPTOP-89AJ9SPD" failures="0" tests="1" name="com.rmgyantra.api.projecttest.GetProjectTest" time="2.371" errors="0" timestamp="2 Jan 2021 09:01:59 GMT">
  <testcase classname="com.rmgyantra.api.projecttest.GetProjectTest" name="getallProjectsTest" time="2.371"/>
</testsuite> <!-- com.rmgyantra.api.projecttest.GetProjectTest -->
