<?xml version="1.0" encoding="UTF-8"?>
<!-- Generated by org.testng.reporters.JUnitReportReporter -->
<testsuite hostname="LAPTOP-89AJ9SPD" failures="0" tests="1" name="com.rmgtestcases.addProjectWithOnGoingStatus" time="3.025" errors="0" timestamp="2 Jan 2021 09:43:10 GMT">
  <testcase classname="com.rmgtestcases.addProjectWithOnGoingStatus" name="createProjectTest" time="3.025"/>
</testsuite> <!-- com.rmgtestcases.addProjectWithOnGoingStatus -->
