<?xml version="1.0" encoding="UTF-8"?>
<!-- Generated by org.testng.reporters.JUnitReportReporter -->
<testsuite hostname="LAPTOP-89AJ9SPD" failures="0" tests="1" name="com.rmgtestcases.DeleteProject" time="2.545" errors="0" timestamp="2 Jan 2021 09:11:57 GMT">
  <testcase classname="com.rmgtestcases.DeleteProject" name="updateProjectTest" time="2.545"/>
</testsuite> <!-- com.rmgtestcases.DeleteProject -->
