<?xml version="1.0" encoding="UTF-8"?>
<!-- Generated by org.testng.reporters.JUnitReportReporter -->
<testsuite hostname="LAPTOP-89AJ9SPD" failures="0" tests="1" name="com.rmgyantra.api.projecttest.CreateProject_BDD" time="3.322" errors="0" timestamp="2 Jan 2021 09:30:28 GMT">
  <testcase classname="com.rmgyantra.api.projecttest.CreateProject_BDD" name="createProjectTest" time="3.322"/>
</testsuite> <!-- com.rmgyantra.api.projecttest.CreateProject_BDD -->
