<?xml version="1.0" encoding="UTF-8"?>
<!-- Generated by org.testng.reporters.JUnitReportReporter -->
<testsuite hostname="LAPTOP-89AJ9SPD" failures="0" tests="1" name="com.paramapi.QueryParam" time="3.632" errors="0" timestamp="2 Jan 2021 11:14:08 GMT">
  <testcase classname="com.paramapi.QueryParam" name="QueryparamTest" time="3.632"/>
</testsuite> <!-- com.paramapi.QueryParam -->
