<?xml version="1.0" encoding="UTF-8"?>
<!-- Generated by org.testng.reporters.JUnitReportReporter -->
<testsuite hostname="LAPTOP-89AJ9SPD" failures="0" tests="1" name="com.rmgtestcases.addProjectWithCompleted" time="3.249" errors="0" timestamp="2 Jan 2021 09:43:56 GMT">
  <testcase classname="com.rmgtestcases.addProjectWithCompleted" name="createProjectTest" time="3.249"/>
</testsuite> <!-- com.rmgtestcases.addProjectWithCompleted -->
