<?xml version="1.0" encoding="UTF-8"?>
<!-- Generated by org.testng.reporters.JUnitReportReporter -->
<testsuite hostname="LAPTOP-89AJ9SPD" failures="0" tests="1" name="com.rmgtestcases.addDuplicateProject" time="3.071" errors="0" timestamp="2 Jan 2021 10:03:33 GMT">
  <testcase classname="com.rmgtestcases.addDuplicateProject" name="createProjectTest" time="3.071"/>
</testsuite> <!-- com.rmgtestcases.addDuplicateProject -->
