<?xml version="1.0" encoding="UTF-8"?>
<!-- Generated by org.testng.reporters.JUnitReportReporter -->
<testsuite hostname="LAPTOP-89AJ9SPD" failures="0" tests="1" name="com.rmgyantra.api.projecttest.updateProject" time="2.470" errors="0" timestamp="31 Dec 2020 10:09:33 GMT">
  <testcase classname="com.rmgyantra.api.projecttest.updateProject" name="updateProjectTest" time="2.470"/>
</testsuite> <!-- com.rmgyantra.api.projecttest.updateProject -->
