<?xml version="1.0" encoding="UTF-8"?>
<!-- Generated by org.testng.reporters.JUnitReportReporter -->
<testsuite hostname="LAPTOP-89AJ9SPD" failures="0" tests="1" name="com.rmgyantra.api.projecttest.CreateProject" time="3.184" errors="0" timestamp="31 Dec 2020 10:57:42 GMT">
  <testcase classname="com.rmgyantra.api.projecttest.CreateProject" name="createProjectTest" time="3.184"/>
</testsuite> <!-- com.rmgyantra.api.projecttest.CreateProject -->
