<?xml version="1.0" encoding="UTF-8"?>
<!-- Generated by org.testng.reporters.JUnitReportReporter -->
<testsuite hostname="LAPTOP-89AJ9SPD" failures="0" tests="1" name="com.rmgtestcases.CreateProject_BDD" time="3.282" errors="0" timestamp="2 Jan 2021 09:32:33 GMT">
  <testcase classname="com.rmgtestcases.CreateProject_BDD" name="createProjectTest" time="3.282"/>
</testsuite> <!-- com.rmgtestcases.CreateProject_BDD -->
