<?xml version="1.0" encoding="UTF-8"?>
<!-- Generated by org.testng.reporters.JUnitReportReporter -->
<testsuite hostname="LAPTOP-89AJ9SPD" failures="0" tests="3" name="parameterization.TestParameterization" time="0.018" errors="0" timestamp="2020-10-27T10:37:56 IST" skipped="0">
  <testcase classname="parameterization.TestParameterization" name="doLogin" time="0.001"/>
  <system-out/>
  <testcase classname="parameterization.TestParameterization" name="doLogin" time="0.003"/>
  <system-out/>
  <testcase classname="parameterization.TestParameterization" name="doLogin" time="0.014"/>
  <system-out/>
</testsuite> <!-- parameterization.TestParameterization -->
