<?xml version="1.0" encoding="UTF-8"?>
<!-- Generated by org.testng.reporters.JUnitReportReporter -->
<testsuite hostname="LAPTOP-89AJ9SPD" failures="0" tests="2" name="regression.TestCase1" time="0.006" errors="0" timestamp="2020-10-26T21:55:59 IST" skipped="0">
  <testcase classname="regression.TestCase1" name="doUserReg" time="0.002"/>
  <system-out/>
  <testcase classname="regression.TestCase1" name="doLogin" time="0.004"/>
  <system-out/>
</testsuite> <!-- regression.TestCase1 -->
