<?xml version="1.0" encoding="UTF-8"?>
<!-- Generated by org.testng.reporters.JUnitReportReporter -->
<testsuite hostname="LAPTOP-89AJ9SPD" failures="0" tests="1" name="TestCases.TestSkip" time="0.012" errors="0" timestamp="2020-10-27T07:09:15 IST" skipped="1">
  <testcase classname="TestCases.TestSkip" name="isSkip" time="0.012">
    <skipped/>
  </testcase> <!-- isSkip -->
  <system-out/>
</testsuite> <!-- TestCases.TestSkip -->
