<?xml version="1.0" encoding="UTF-8"?>
<!-- Generated by org.testng.reporters.JUnitReportReporter -->
<testsuite hostname="LAPTOP-89AJ9SPD" failures="0" tests="2" name="TestCases.TestCase1" time="0.013" errors="0" timestamp="2020-10-27T08:32:15 IST" skipped="0">
  <testcase classname="TestCases.TestCase1" name="doUserReg" time="0.010"/>
  <system-out/>
  <testcase classname="TestCases.TestCase1" name="doLogin" time="0.003"/>
  <system-out/>
</testsuite> <!-- TestCases.TestCase1 -->
