<?xml version="1.0" encoding="UTF-8"?>
<!-- Generated by org.testng.reporters.JUnitReportReporter -->
<testsuite hostname="LAPTOP-89AJ9SPD" failures="0" tests="1" name="com.actitime.timetrack.ValidLoginTest" time="6.124" errors="0" timestamp="2020-11-27T08:52:46 IST" skipped="0">
  <testcase classname="com.actitime.timetrack.ValidLoginTest" name="loginToApp" time="6.124"/>
  <system-out>
loginToApp method STARTED Home page is Displayed loginToApp method SUCCESS  </system-out>
</testsuite> <!-- com.actitime.timetrack.ValidLoginTest -->
