<?xml version="1.0" encoding="UTF-8"?>
<!-- Generated by org.testng.reporters.JUnitReportReporter -->
<testsuite hostname="LAPTOP-89AJ9SPD" failures="0" tests="1" name="com.actitime.users.CreateNewUserTest" time="15.575" errors="0" timestamp="2020-12-26T10:18:09 IST" skipped="0">
  <testcase classname="com.actitime.users.CreateNewUserTest" name="createNewUser" time="15.575"/>
  <system-out>
createNewUser method STARTED Home page is Displayed createNewUser method SUCCESS  </system-out>
</testsuite> <!-- com.actitime.users.CreateNewUserTest -->
